{"D:\\Work\\Programming\\Web Developer\\Hacktiv8\\Phase 2\\Individual Project\\IP-HCK81\\Server\\app.js": {"path":"D:\\Work\\Programming\\Web Developer\\Hacktiv8\\Phase 2\\Individual Project\\IP-HCK81\\Server\\app.js","statementMap":{"0":{"start":{"line":1,"column":0},"end":{"line":3,"column":1}},"1":{"start":{"line":2,"column":2},"end":{"line":2,"column":29}},"2":{"start":{"line":5,"column":16},"end":{"line":5,"column":34}},"3":{"start":{"line":6,"column":12},"end":{"line":6,"column":21}},"4":{"start":{"line":7,"column":13},"end":{"line":7,"column":37}},"5":{"start":{"line":8,"column":15},"end":{"line":8,"column":34}},"6":{"start":{"line":9,"column":21},"end":{"line":9,"column":57}},"7":{"start":{"line":10,"column":11},"end":{"line":10,"column":26}},"8":{"start":{"line":11,"column":0},"end":{"line":11,"column":16}},"9":{"start":{"line":12,"column":0},"end":{"line":12,"column":24}},"10":{"start":{"line":13,"column":0},"end":{"line":13,"column":49}},"11":{"start":{"line":14,"column":0},"end":{"line":14,"column":21}},"12":{"start":{"line":15,"column":0},"end":{"line":15,"column":22}},"13":{"start":{"line":17,"column":0},"end":{"line":17,"column":21}}},"fnMap":{},"branchMap":{"0":{"loc":{"start":{"line":1,"column":0},"end":{"line":3,"column":1}},"type":"if","locations":[{"start":{"line":1,"column":0},"end":{"line":3,"column":1}},{"start":{},"end":{}}],"line":1},"1":{"loc":{"start":{"line":7,"column":13},"end":{"line":7,"column":37}},"type":"binary-expr","locations":[{"start":{"line":7,"column":13},"end":{"line":7,"column":29}},{"start":{"line":7,"column":33},"end":{"line":7,"column":37}}],"line":7}},"s":{"0":2,"1":2,"2":2,"3":2,"4":2,"5":2,"6":2,"7":2,"8":2,"9":2,"10":2,"11":2,"12":2,"13":2},"f":{},"b":{"0":[2,0],"1":[2,2]},"_coverageSchema":"1a1c01bbd47fc00a2c39e90264f33305004495a9","hash":"120f12d4b72123637f48b71f4cd20c51a3df12ab"}
,"D:\\Work\\Programming\\Web Developer\\Hacktiv8\\Phase 2\\Individual Project\\IP-HCK81\\Server\\controllers\\favController.js": {"path":"D:\\Work\\Programming\\Web Developer\\Hacktiv8\\Phase 2\\Individual Project\\IP-HCK81\\Server\\controllers\\favController.js","statementMap":{"0":{"start":{"line":1,"column":27},"end":{"line":1,"column":47}},"1":{"start":{"line":2,"column":15},"end":{"line":2,"column":35}},"2":{"start":{"line":3,"column":14},"end":{"line":3,"column":30}},"3":{"start":{"line":4,"column":34},"end":{"line":4,"column":65}},"4":{"start":{"line":5,"column":0},"end":{"line":5,"column":27}},"5":{"start":{"line":6,"column":29},"end":{"line":6,"column":62}},"6":{"start":{"line":8,"column":0},"end":{"line":206,"column":2}},"7":{"start":{"line":10,"column":4},"end":{"line":54,"column":5}},"8":{"start":{"line":11,"column":66},"end":{"line":11,"column":75}},"9":{"start":{"line":13,"column":23},"end":{"line":15,"column":7}},"10":{"start":{"line":16,"column":23},"end":{"line":16,"column":36}},"11":{"start":{"line":18,"column":6},"end":{"line":22,"column":7}},"12":{"start":{"line":19,"column":8},"end":{"line":21,"column":10}},"13":{"start":{"line":20,"column":20},"end":{"line":20,"column":68}},"14":{"start":{"line":23,"column":6},"end":{"line":27,"column":7}},"15":{"start":{"line":24,"column":8},"end":{"line":26,"column":10}},"16":{"start":{"line":25,"column":10},"end":{"line":25,"column":59}},"17":{"start":{"line":29,"column":6},"end":{"line":36,"column":7}},"18":{"start":{"line":30,"column":8},"end":{"line":30,"column":77}},"19":{"start":{"line":31,"column":8},"end":{"line":35,"column":11}},"20":{"start":{"line":32,"column":10},"end":{"line":32,"column":55}},"21":{"start":{"line":32,"column":37},"end":{"line":32,"column":55}},"22":{"start":{"line":33,"column":10},"end":{"line":33,"column":54}},"23":{"start":{"line":33,"column":37},"end":{"line":33,"column":54}},"24":{"start":{"line":34,"column":10},"end":{"line":34,"column":19}},"25":{"start":{"line":38,"column":19},"end":{"line":38,"column":42}},"26":{"start":{"line":39,"column":19},"end":{"line":39,"column":41}},"27":{"start":{"line":40,"column":25},"end":{"line":40,"column":42}},"28":{"start":{"line":41,"column":25},"end":{"line":41,"column":53}},"29":{"start":{"line":42,"column":28},"end":{"line":42,"column":76}},"30":{"start":{"line":44,"column":6},"end":{"line":50,"column":9}},"31":{"start":{"line":52,"column":6},"end":{"line":52,"column":25}},"32":{"start":{"line":53,"column":6},"end":{"line":53,"column":18}},"33":{"start":{"line":58,"column":4},"end":{"line":102,"column":5}},"34":{"start":{"line":59,"column":6},"end":{"line":59,"column":36}},"35":{"start":{"line":60,"column":30},"end":{"line":60,"column":40}},"36":{"start":{"line":61,"column":25},"end":{"line":61,"column":33}},"37":{"start":{"line":63,"column":6},"end":{"line":67,"column":7}},"38":{"start":{"line":64,"column":8},"end":{"line":66,"column":68}},"39":{"start":{"line":69,"column":23},"end":{"line":71,"column":7}},"40":{"start":{"line":72,"column":24},"end":{"line":72,"column":77}},"41":{"start":{"line":72,"column":53},"end":{"line":72,"column":76}},"42":{"start":{"line":74,"column":6},"end":{"line":76,"column":7}},"43":{"start":{"line":75,"column":8},"end":{"line":75,"column":72}},"44":{"start":{"line":78,"column":31},"end":{"line":80,"column":8}},"45":{"start":{"line":82,"column":6},"end":{"line":86,"column":7}},"46":{"start":{"line":83,"column":8},"end":{"line":85,"column":66}},"47":{"start":{"line":88,"column":26},"end":{"line":94,"column":8}},"48":{"start":{"line":96,"column":6},"end":{"line":99,"column":9}},"49":{"start":{"line":101,"column":6},"end":{"line":101,"column":18}},"50":{"start":{"line":106,"column":4},"end":{"line":132,"column":5}},"51":{"start":{"line":107,"column":30},"end":{"line":107,"column":40}},"52":{"start":{"line":108,"column":23},"end":{"line":110,"column":7}},"53":{"start":{"line":111,"column":24},"end":{"line":111,"column":77}},"54":{"start":{"line":111,"column":53},"end":{"line":111,"column":76}},"55":{"start":{"line":113,"column":6},"end":{"line":115,"column":7}},"56":{"start":{"line":114,"column":8},"end":{"line":114,"column":72}},"57":{"start":{"line":117,"column":6},"end":{"line":129,"column":9}},"58":{"start":{"line":131,"column":6},"end":{"line":131,"column":18}},"59":{"start":{"line":136,"column":4},"end":{"line":156,"column":5}},"60":{"start":{"line":137,"column":30},"end":{"line":137,"column":40}},"61":{"start":{"line":138,"column":21},"end":{"line":138,"column":32}},"62":{"start":{"line":140,"column":23},"end":{"line":142,"column":8}},"63":{"start":{"line":144,"column":6},"end":{"line":148,"column":7}},"64":{"start":{"line":145,"column":8},"end":{"line":147,"column":61}},"65":{"start":{"line":149,"column":6},"end":{"line":149,"column":31}},"66":{"start":{"line":151,"column":6},"end":{"line":153,"column":70}},"67":{"start":{"line":155,"column":6},"end":{"line":155,"column":18}},"68":{"start":{"line":160,"column":4},"end":{"line":204,"column":5}},"69":{"start":{"line":161,"column":21},"end":{"line":161,"column":32}},"70":{"start":{"line":162,"column":26},"end":{"line":162,"column":34}},"71":{"start":{"line":164,"column":6},"end":{"line":166,"column":7}},"72":{"start":{"line":165,"column":8},"end":{"line":165,"column":64}},"73":{"start":{"line":168,"column":29},"end":{"line":168,"column":65}},"74":{"start":{"line":169,"column":6},"end":{"line":172,"column":8}},"75":{"start":{"line":174,"column":24},"end":{"line":174,"column":69}},"76":{"start":{"line":176,"column":6},"end":{"line":178,"column":7}},"77":{"start":{"line":177,"column":8},"end":{"line":177,"column":72}},"78":{"start":{"line":180,"column":26},"end":{"line":180,"column":47}},"79":{"start":{"line":182,"column":6},"end":{"line":184,"column":7}},"80":{"start":{"line":183,"column":8},"end":{"line":183,"column":73}},"81":{"start":{"line":186,"column":19},"end":{"line":186,"column":46}},"82":{"start":{"line":187,"column":6},"end":{"line":189,"column":7}},"83":{"start":{"line":188,"column":8},"end":{"line":188,"column":65}},"84":{"start":{"line":191,"column":6},"end":{"line":191,"column":37}},"85":{"start":{"line":192,"column":6},"end":{"line":192,"column":24}},"86":{"start":{"line":194,"column":6},"end":{"line":194,"column":68}},"87":{"start":{"line":196,"column":6},"end":{"line":200,"column":9}},"88":{"start":{"line":202,"column":6},"end":{"line":202,"column":78}},"89":{"start":{"line":203,"column":6},"end":{"line":203,"column":18}}},"fnMap":{"0":{"name":"(anonymous_0)","decl":{"start":{"line":9,"column":2},"end":{"line":9,"column":3}},"loc":{"start":{"line":9,"column":38},"end":{"line":55,"column":3}},"line":9},"1":{"name":"(anonymous_1)","decl":{"start":{"line":20,"column":10},"end":{"line":20,"column":11}},"loc":{"start":{"line":20,"column":20},"end":{"line":20,"column":68}},"line":20},"2":{"name":"(anonymous_2)","decl":{"start":{"line":24,"column":39},"end":{"line":24,"column":40}},"loc":{"start":{"line":25,"column":10},"end":{"line":25,"column":59}},"line":25},"3":{"name":"(anonymous_3)","decl":{"start":{"line":31,"column":24},"end":{"line":31,"column":25}},"loc":{"start":{"line":31,"column":34},"end":{"line":35,"column":9}},"line":31},"4":{"name":"(anonymous_4)","decl":{"start":{"line":57,"column":2},"end":{"line":57,"column":3}},"loc":{"start":{"line":57,"column":35},"end":{"line":103,"column":3}},"line":57},"5":{"name":"(anonymous_5)","decl":{"start":{"line":72,"column":43},"end":{"line":72,"column":44}},"loc":{"start":{"line":72,"column":53},"end":{"line":72,"column":76}},"line":72},"6":{"name":"(anonymous_6)","decl":{"start":{"line":105,"column":2},"end":{"line":105,"column":3}},"loc":{"start":{"line":105,"column":50},"end":{"line":133,"column":3}},"line":105},"7":{"name":"(anonymous_7)","decl":{"start":{"line":111,"column":43},"end":{"line":111,"column":44}},"loc":{"start":{"line":111,"column":53},"end":{"line":111,"column":76}},"line":111},"8":{"name":"(anonymous_8)","decl":{"start":{"line":135,"column":2},"end":{"line":135,"column":3}},"loc":{"start":{"line":135,"column":46},"end":{"line":157,"column":3}},"line":135},"9":{"name":"(anonymous_9)","decl":{"start":{"line":159,"column":2},"end":{"line":159,"column":3}},"loc":{"start":{"line":159,"column":39},"end":{"line":205,"column":3}},"line":159}},"branchMap":{"0":{"loc":{"start":{"line":18,"column":6},"end":{"line":22,"column":7}},"type":"if","locations":[{"start":{"line":18,"column":6},"end":{"line":22,"column":7}},{"start":{},"end":{}}],"line":18},"1":{"loc":{"start":{"line":23,"column":6},"end":{"line":27,"column":7}},"type":"if","locations":[{"start":{"line":23,"column":6},"end":{"line":27,"column":7}},{"start":{},"end":{}}],"line":23},"2":{"loc":{"start":{"line":29,"column":6},"end":{"line":36,"column":7}},"type":"if","locations":[{"start":{"line":29,"column":6},"end":{"line":36,"column":7}},{"start":{},"end":{}}],"line":29},"3":{"loc":{"start":{"line":30,"column":20},"end":{"line":30,"column":76}},"type":"cond-expr","locations":[{"start":{"line":30,"column":70},"end":{"line":30,"column":72}},{"start":{"line":30,"column":75},"end":{"line":30,"column":76}}],"line":30},"4":{"loc":{"start":{"line":30,"column":20},"end":{"line":30,"column":67}},"type":"binary-expr","locations":[{"start":{"line":30,"column":20},"end":{"line":30,"column":29}},{"start":{"line":30,"column":33},"end":{"line":30,"column":67}}],"line":30},"5":{"loc":{"start":{"line":32,"column":10},"end":{"line":32,"column":55}},"type":"if","locations":[{"start":{"line":32,"column":10},"end":{"line":32,"column":55}},{"start":{},"end":{}}],"line":32},"6":{"loc":{"start":{"line":33,"column":10},"end":{"line":33,"column":54}},"type":"if","locations":[{"start":{"line":33,"column":10},"end":{"line":33,"column":54}},{"start":{},"end":{}}],"line":33},"7":{"loc":{"start":{"line":38,"column":19},"end":{"line":38,"column":42}},"type":"binary-expr","locations":[{"start":{"line":38,"column":19},"end":{"line":38,"column":37}},{"start":{"line":38,"column":41},"end":{"line":38,"column":42}}],"line":38},"8":{"loc":{"start":{"line":39,"column":19},"end":{"line":39,"column":41}},"type":"binary-expr","locations":[{"start":{"line":39,"column":19},"end":{"line":39,"column":35}},{"start":{"line":39,"column":39},"end":{"line":39,"column":41}}],"line":39},"9":{"loc":{"start":{"line":63,"column":6},"end":{"line":67,"column":7}},"type":"if","locations":[{"start":{"line":63,"column":6},"end":{"line":67,"column":7}},{"start":{},"end":{}}],"line":63},"10":{"loc":{"start":{"line":63,"column":10},"end":{"line":63,"column":33}},"type":"binary-expr","locations":[{"start":{"line":63,"column":10},"end":{"line":63,"column":22}},{"start":{"line":63,"column":26},"end":{"line":63,"column":33}}],"line":63},"11":{"loc":{"start":{"line":74,"column":6},"end":{"line":76,"column":7}},"type":"if","locations":[{"start":{"line":74,"column":6},"end":{"line":76,"column":7}},{"start":{},"end":{}}],"line":74},"12":{"loc":{"start":{"line":82,"column":6},"end":{"line":86,"column":7}},"type":"if","locations":[{"start":{"line":82,"column":6},"end":{"line":86,"column":7}},{"start":{},"end":{}}],"line":82},"13":{"loc":{"start":{"line":91,"column":15},"end":{"line":91,"column":43}},"type":"binary-expr","locations":[{"start":{"line":91,"column":15},"end":{"line":91,"column":30}},{"start":{"line":91,"column":34},"end":{"line":91,"column":43}}],"line":91},"14":{"loc":{"start":{"line":92,"column":18},"end":{"line":92,"column":39}},"type":"binary-expr","locations":[{"start":{"line":92,"column":18},"end":{"line":92,"column":33}},{"start":{"line":92,"column":37},"end":{"line":92,"column":39}}],"line":92},"15":{"loc":{"start":{"line":113,"column":6},"end":{"line":115,"column":7}},"type":"if","locations":[{"start":{"line":113,"column":6},"end":{"line":115,"column":7}},{"start":{},"end":{}}],"line":113},"16":{"loc":{"start":{"line":122,"column":17},"end":{"line":122,"column":45}},"type":"binary-expr","locations":[{"start":{"line":122,"column":17},"end":{"line":122,"column":32}},{"start":{"line":122,"column":36},"end":{"line":122,"column":45}}],"line":122},"17":{"loc":{"start":{"line":125,"column":20},"end":{"line":125,"column":51}},"type":"binary-expr","locations":[{"start":{"line":125,"column":20},"end":{"line":125,"column":38}},{"start":{"line":125,"column":42},"end":{"line":125,"column":51}}],"line":125},"18":{"loc":{"start":{"line":126,"column":17},"end":{"line":126,"column":45}},"type":"binary-expr","locations":[{"start":{"line":126,"column":17},"end":{"line":126,"column":32}},{"start":{"line":126,"column":36},"end":{"line":126,"column":45}}],"line":126},"19":{"loc":{"start":{"line":127,"column":20},"end":{"line":127,"column":41}},"type":"binary-expr","locations":[{"start":{"line":127,"column":20},"end":{"line":127,"column":35}},{"start":{"line":127,"column":39},"end":{"line":127,"column":41}}],"line":127},"20":{"loc":{"start":{"line":144,"column":6},"end":{"line":148,"column":7}},"type":"if","locations":[{"start":{"line":144,"column":6},"end":{"line":148,"column":7}},{"start":{},"end":{}}],"line":144},"21":{"loc":{"start":{"line":164,"column":6},"end":{"line":166,"column":7}},"type":"if","locations":[{"start":{"line":164,"column":6},"end":{"line":166,"column":7}},{"start":{},"end":{}}],"line":164},"22":{"loc":{"start":{"line":164,"column":10},"end":{"line":164,"column":45}},"type":"binary-expr","locations":[{"start":{"line":164,"column":10},"end":{"line":164,"column":18}},{"start":{"line":164,"column":22},"end":{"line":164,"column":45}}],"line":164},"23":{"loc":{"start":{"line":176,"column":6},"end":{"line":178,"column":7}},"type":"if","locations":[{"start":{"line":176,"column":6},"end":{"line":178,"column":7}},{"start":{},"end":{}}],"line":176},"24":{"loc":{"start":{"line":182,"column":6},"end":{"line":184,"column":7}},"type":"if","locations":[{"start":{"line":182,"column":6},"end":{"line":184,"column":7}},{"start":{},"end":{}}],"line":182},"25":{"loc":{"start":{"line":182,"column":10},"end":{"line":182,"column":69}},"type":"binary-expr","locations":[{"start":{"line":182,"column":10},"end":{"line":182,"column":28}},{"start":{"line":182,"column":32},"end":{"line":182,"column":69}}],"line":182},"26":{"loc":{"start":{"line":187,"column":6},"end":{"line":189,"column":7}},"type":"if","locations":[{"start":{"line":187,"column":6},"end":{"line":189,"column":7}},{"start":{},"end":{}}],"line":187},"27":{"loc":{"start":{"line":202,"column":39},"end":{"line":202,"column":76}},"type":"binary-expr","locations":[{"start":{"line":202,"column":39},"end":{"line":202,"column":59}},{"start":{"line":202,"column":63},"end":{"line":202,"column":76}}],"line":202}},"s":{"0":2,"1":2,"2":2,"3":2,"4":2,"5":2,"6":2,"7":1,"8":1,"9":1,"10":1,"11":1,"12":0,"13":0,"14":1,"15":0,"16":0,"17":1,"18":0,"19":0,"20":0,"21":0,"22":0,"23":0,"24":0,"25":1,"26":1,"27":1,"28":1,"29":1,"30":1,"31":0,"32":0,"33":3,"34":3,"35":3,"36":3,"37":3,"38":0,"39":3,"40":3,"41":1,"42":3,"43":2,"44":1,"45":1,"46":0,"47":1,"48":1,"49":0,"50":2,"51":2,"52":2,"53":2,"54":1,"55":2,"56":1,"57":1,"58":0,"59":2,"60":2,"61":2,"62":2,"63":2,"64":1,"65":1,"66":1,"67":0,"68":2,"69":2,"70":2,"71":2,"72":1,"73":1,"74":1,"75":1,"76":1,"77":0,"78":1,"79":1,"80":0,"81":1,"82":1,"83":0,"84":1,"85":1,"86":1,"87":1,"88":0,"89":0},"f":{"0":1,"1":0,"2":0,"3":0,"4":3,"5":1,"6":2,"7":1,"8":2,"9":2},"b":{"0":[0,1],"1":[0,1],"2":[0,1],"3":[0,0],"4":[0,0],"5":[0,0],"6":[0,0],"7":[1,1],"8":[1,1],"9":[0,3],"10":[3,3],"11":[2,1],"12":[0,1],"13":[1,0],"14":[1,0],"15":[1,1],"16":[1,0],"17":[1,1],"18":[1,1],"19":[1,0],"20":[1,1],"21":[1,1],"22":[2,1],"23":[0,1],"24":[0,1],"25":[1,1],"26":[0,1],"27":[0,0]},"_coverageSchema":"1a1c01bbd47fc00a2c39e90264f33305004495a9","hash":"85cb568ed98b7fc44f54b1aff8ca4677d954e851"}
,"D:\\Work\\Programming\\Web Developer\\Hacktiv8\\Phase 2\\Individual Project\\IP-HCK81\\Server\\controllers\\userController.js": {"path":"D:\\Work\\Programming\\Web Developer\\Hacktiv8\\Phase 2\\Individual Project\\IP-HCK81\\Server\\controllers\\userController.js","statementMap":{"0":{"start":{"line":1,"column":17},"end":{"line":1,"column":37}},"1":{"start":{"line":2,"column":28},"end":{"line":2,"column":55}},"2":{"start":{"line":3,"column":22},"end":{"line":3,"column":46}},"3":{"start":{"line":4,"column":25},"end":{"line":4,"column":55}},"4":{"start":{"line":5,"column":0},"end":{"line":5,"column":27}},"5":{"start":{"line":7,"column":15},"end":{"line":7,"column":61}},"6":{"start":{"line":9,"column":0},"end":{"line":96,"column":2}},"7":{"start":{"line":11,"column":4},"end":{"line":32,"column":5}},"8":{"start":{"line":12,"column":51},"end":{"line":12,"column":59}},"9":{"start":{"line":14,"column":6},"end":{"line":16,"column":7}},"10":{"start":{"line":15,"column":8},"end":{"line":15,"column":76}},"11":{"start":{"line":18,"column":22},"end":{"line":22,"column":8}},"12":{"start":{"line":24,"column":6},"end":{"line":28,"column":9}},"13":{"start":{"line":30,"column":6},"end":{"line":30,"column":25}},"14":{"start":{"line":31,"column":6},"end":{"line":31,"column":65}},"15":{"start":{"line":36,"column":4},"end":{"line":54,"column":5}},"16":{"start":{"line":37,"column":34},"end":{"line":37,"column":42}},"17":{"start":{"line":39,"column":6},"end":{"line":39,"column":80}},"18":{"start":{"line":39,"column":18},"end":{"line":39,"column":80}},"19":{"start":{"line":40,"column":6},"end":{"line":41,"column":73}},"20":{"start":{"line":41,"column":8},"end":{"line":41,"column":73}},"21":{"start":{"line":43,"column":19},"end":{"line":43,"column":59}},"22":{"start":{"line":45,"column":6},"end":{"line":47,"column":7}},"23":{"start":{"line":46,"column":8},"end":{"line":46,"column":78}},"24":{"start":{"line":49,"column":27},"end":{"line":49,"column":53}},"25":{"start":{"line":50,"column":6},"end":{"line":50,"column":45}},"26":{"start":{"line":52,"column":6},"end":{"line":52,"column":25}},"27":{"start":{"line":53,"column":6},"end":{"line":53,"column":65}},"28":{"start":{"line":58,"column":4},"end":{"line":94,"column":5}},"29":{"start":{"line":59,"column":30},"end":{"line":59,"column":38}},"30":{"start":{"line":61,"column":21},"end":{"line":64,"column":8}},"31":{"start":{"line":65,"column":22},"end":{"line":65,"column":41}},"32":{"start":{"line":67,"column":30},"end":{"line":77,"column":8}},"33":{"start":{"line":79,"column":27},"end":{"line":79,"column":53}},"34":{"start":{"line":81,"column":6},"end":{"line":90,"column":9}},"35":{"start":{"line":92,"column":6},"end":{"line":92,"column":50}},"36":{"start":{"line":93,"column":6},"end":{"line":93,"column":65}}},"fnMap":{"0":{"name":"(anonymous_0)","decl":{"start":{"line":10,"column":2},"end":{"line":10,"column":3}},"loc":{"start":{"line":10,"column":34},"end":{"line":33,"column":3}},"line":10},"1":{"name":"(anonymous_1)","decl":{"start":{"line":35,"column":2},"end":{"line":35,"column":3}},"loc":{"start":{"line":35,"column":31},"end":{"line":55,"column":3}},"line":35},"2":{"name":"(anonymous_2)","decl":{"start":{"line":57,"column":2},"end":{"line":57,"column":3}},"loc":{"start":{"line":57,"column":37},"end":{"line":95,"column":3}},"line":57}},"branchMap":{"0":{"loc":{"start":{"line":14,"column":6},"end":{"line":16,"column":7}},"type":"if","locations":[{"start":{"line":14,"column":6},"end":{"line":16,"column":7}},{"start":{},"end":{}}],"line":14},"1":{"loc":{"start":{"line":14,"column":10},"end":{"line":14,"column":42}},"type":"binary-expr","locations":[{"start":{"line":14,"column":10},"end":{"line":14,"column":19}},{"start":{"line":14,"column":23},"end":{"line":14,"column":29}},{"start":{"line":14,"column":33},"end":{"line":14,"column":42}}],"line":14},"2":{"loc":{"start":{"line":39,"column":6},"end":{"line":39,"column":80}},"type":"if","locations":[{"start":{"line":39,"column":6},"end":{"line":39,"column":80}},{"start":{},"end":{}}],"line":39},"3":{"loc":{"start":{"line":40,"column":6},"end":{"line":41,"column":73}},"type":"if","locations":[{"start":{"line":40,"column":6},"end":{"line":41,"column":73}},{"start":{},"end":{}}],"line":40},"4":{"loc":{"start":{"line":45,"column":6},"end":{"line":47,"column":7}},"type":"if","locations":[{"start":{"line":45,"column":6},"end":{"line":47,"column":7}},{"start":{},"end":{}}],"line":45},"5":{"loc":{"start":{"line":45,"column":10},"end":{"line":45,"column":60}},"type":"binary-expr","locations":[{"start":{"line":45,"column":10},"end":{"line":45,"column":15}},{"start":{"line":45,"column":19},"end":{"line":45,"column":60}}],"line":45},"6":{"loc":{"start":{"line":81,"column":17},"end":{"line":81,"column":36}},"type":"cond-expr","locations":[{"start":{"line":81,"column":27},"end":{"line":81,"column":30}},{"start":{"line":81,"column":33},"end":{"line":81,"column":36}}],"line":81},"7":{"loc":{"start":{"line":82,"column":17},"end":{"line":82,"column":73}},"type":"cond-expr","locations":[{"start":{"line":82,"column":27},"end":{"line":82,"column":54}},{"start":{"line":82,"column":57},"end":{"line":82,"column":73}}],"line":82}},"s":{"0":2,"1":2,"2":2,"3":2,"4":2,"5":2,"6":2,"7":2,"8":2,"9":2,"10":1,"11":1,"12":1,"13":0,"14":0,"15":3,"16":3,"17":3,"18":0,"19":3,"20":0,"21":3,"22":3,"23":2,"24":1,"25":1,"26":0,"27":0,"28":0,"29":0,"30":0,"31":0,"32":0,"33":0,"34":0,"35":0,"36":0},"f":{"0":2,"1":3,"2":0},"b":{"0":[1,1],"1":[2,1,1],"2":[0,3],"3":[0,3],"4":[2,1],"5":[3,2],"6":[0,0],"7":[0,0]},"_coverageSchema":"1a1c01bbd47fc00a2c39e90264f33305004495a9","hash":"a3e4903b50ffbbec1807ac613d0e10901e3bc03c"}
,"D:\\Work\\Programming\\Web Developer\\Hacktiv8\\Phase 2\\Individual Project\\IP-HCK81\\Server\\helper\\bcrypt.js": {"path":"D:\\Work\\Programming\\Web Developer\\Hacktiv8\\Phase 2\\Individual Project\\IP-HCK81\\Server\\helper\\bcrypt.js","statementMap":{"0":{"start":{"line":1,"column":15},"end":{"line":1,"column":34}},"1":{"start":{"line":3,"column":21},"end":{"line":6,"column":1}},"2":{"start":{"line":4,"column":15},"end":{"line":4,"column":37}},"3":{"start":{"line":5,"column":2},"end":{"line":5,"column":41}},"4":{"start":{"line":8,"column":24},"end":{"line":10,"column":1}},"5":{"start":{"line":9,"column":2},"end":{"line":9,"column":54}},"6":{"start":{"line":12,"column":0},"end":{"line":15,"column":2}}},"fnMap":{"0":{"name":"(anonymous_0)","decl":{"start":{"line":3,"column":21},"end":{"line":3,"column":22}},"loc":{"start":{"line":3,"column":35},"end":{"line":6,"column":1}},"line":3},"1":{"name":"(anonymous_1)","decl":{"start":{"line":8,"column":24},"end":{"line":8,"column":25}},"loc":{"start":{"line":8,"column":54},"end":{"line":10,"column":1}},"line":8}},"branchMap":{},"s":{"0":2,"1":2,"2":1,"3":1,"4":2,"5":0,"6":2},"f":{"0":1,"1":0},"b":{},"_coverageSchema":"1a1c01bbd47fc00a2c39e90264f33305004495a9","hash":"d53cd6fb39375c8e6023117cfca706083b29bbc5"}
,"D:\\Work\\Programming\\Web Developer\\Hacktiv8\\Phase 2\\Individual Project\\IP-HCK81\\Server\\helper\\emailService.js": {"path":"D:\\Work\\Programming\\Web Developer\\Hacktiv8\\Phase 2\\Individual Project\\IP-HCK81\\Server\\helper\\emailService.js","statementMap":{"0":{"start":{"line":1,"column":0},"end":{"line":1,"column":27}},"1":{"start":{"line":2,"column":19},"end":{"line":2,"column":40}},"2":{"start":{"line":4,"column":20},"end":{"line":10,"column":2}},"3":{"start":{"line":12,"column":25},"end":{"line":37,"column":1}},"4":{"start":{"line":13,"column":2},"end":{"line":36,"column":3}},"5":{"start":{"line":14,"column":4},"end":{"line":32,"column":7}},"6":{"start":{"line":33,"column":4},"end":{"line":33,"column":44}},"7":{"start":{"line":35,"column":4},"end":{"line":35,"column":49}},"8":{"start":{"line":39,"column":0},"end":{"line":39,"column":38}}},"fnMap":{"0":{"name":"(anonymous_0)","decl":{"start":{"line":12,"column":25},"end":{"line":12,"column":26}},"loc":{"start":{"line":12,"column":61},"end":{"line":37,"column":1}},"line":12}},"branchMap":{},"s":{"0":2,"1":2,"2":2,"3":2,"4":0,"5":0,"6":0,"7":0,"8":2},"f":{"0":0},"b":{},"_coverageSchema":"1a1c01bbd47fc00a2c39e90264f33305004495a9","hash":"88f702b0ba82672652d57fa27f2bbe65e5fbf9ab"}
,"D:\\Work\\Programming\\Web Developer\\Hacktiv8\\Phase 2\\Individual Project\\IP-HCK81\\Server\\helper\\groqHelper.js": {"path":"D:\\Work\\Programming\\Web Developer\\Hacktiv8\\Phase 2\\Individual Project\\IP-HCK81\\Server\\helper\\groqHelper.js","statementMap":{"0":{"start":{"line":1,"column":0},"end":{"line":1,"column":27}},"1":{"start":{"line":2,"column":13},"end":{"line":2,"column":32}},"2":{"start":{"line":4,"column":13},"end":{"line":4,"column":59}},"3":{"start":{"line":7,"column":2},"end":{"line":43,"column":5}},"4":{"start":{"line":46,"column":0},"end":{"line":46,"column":43}}},"fnMap":{"0":{"name":"getGroqChatCompletion","decl":{"start":{"line":6,"column":15},"end":{"line":6,"column":36}},"loc":{"start":{"line":6,"column":46},"end":{"line":44,"column":1}},"line":6}},"branchMap":{},"s":{"0":2,"1":2,"2":2,"3":0,"4":2},"f":{"0":0},"b":{},"_coverageSchema":"1a1c01bbd47fc00a2c39e90264f33305004495a9","hash":"c43e552606cb2d9e723bdde74640c116262511f7"}
,"D:\\Work\\Programming\\Web Developer\\Hacktiv8\\Phase 2\\Individual Project\\IP-HCK81\\Server\\helper\\jwt.js": {"path":"D:\\Work\\Programming\\Web Developer\\Hacktiv8\\Phase 2\\Individual Project\\IP-HCK81\\Server\\helper\\jwt.js","statementMap":{"0":{"start":{"line":1,"column":12},"end":{"line":1,"column":35}},"1":{"start":{"line":2,"column":19},"end":{"line":2,"column":41}},"2":{"start":{"line":4,"column":18},"end":{"line":6,"column":1}},"3":{"start":{"line":5,"column":2},"end":{"line":5,"column":36}},"4":{"start":{"line":8,"column":20},"end":{"line":10,"column":1}},"5":{"start":{"line":9,"column":2},"end":{"line":9,"column":39}},"6":{"start":{"line":12,"column":0},"end":{"line":15,"column":2}}},"fnMap":{"0":{"name":"(anonymous_0)","decl":{"start":{"line":4,"column":18},"end":{"line":4,"column":19}},"loc":{"start":{"line":4,"column":28},"end":{"line":6,"column":1}},"line":4},"1":{"name":"(anonymous_1)","decl":{"start":{"line":8,"column":20},"end":{"line":8,"column":21}},"loc":{"start":{"line":8,"column":31},"end":{"line":10,"column":1}},"line":8}},"branchMap":{},"s":{"0":2,"1":2,"2":2,"3":1,"4":2,"5":10,"6":2},"f":{"0":1,"1":10},"b":{},"_coverageSchema":"1a1c01bbd47fc00a2c39e90264f33305004495a9","hash":"fd3d6837f10912f3df8dbf692269831bbb6ee558"}
,"D:\\Work\\Programming\\Web Developer\\Hacktiv8\\Phase 2\\Individual Project\\IP-HCK81\\Server\\middleware\\authentication.js": {"path":"D:\\Work\\Programming\\Web Developer\\Hacktiv8\\Phase 2\\Individual Project\\IP-HCK81\\Server\\middleware\\authentication.js","statementMap":{"0":{"start":{"line":1,"column":17},"end":{"line":1,"column":37}},"1":{"start":{"line":2,"column":35},"end":{"line":2,"column":59}},"2":{"start":{"line":5,"column":2},"end":{"line":27,"column":3}},"3":{"start":{"line":6,"column":4},"end":{"line":8,"column":5}},"4":{"start":{"line":7,"column":6},"end":{"line":7,"column":63}},"5":{"start":{"line":10,"column":32},"end":{"line":10,"column":68}},"6":{"start":{"line":11,"column":4},"end":{"line":13,"column":5}},"7":{"start":{"line":12,"column":6},"end":{"line":12,"column":63}},"8":{"start":{"line":15,"column":17},"end":{"line":15,"column":41}},"9":{"start":{"line":16,"column":17},"end":{"line":16,"column":45}},"10":{"start":{"line":18,"column":4},"end":{"line":20,"column":5}},"11":{"start":{"line":19,"column":6},"end":{"line":19,"column":63}},"12":{"start":{"line":22,"column":4},"end":{"line":22,"column":20}},"13":{"start":{"line":23,"column":4},"end":{"line":23,"column":11}},"14":{"start":{"line":25,"column":4},"end":{"line":25,"column":23}},"15":{"start":{"line":26,"column":4},"end":{"line":26,"column":16}},"16":{"start":{"line":30,"column":0},"end":{"line":30,"column":32}}},"fnMap":{"0":{"name":"authentication","decl":{"start":{"line":4,"column":15},"end":{"line":4,"column":29}},"loc":{"start":{"line":4,"column":46},"end":{"line":28,"column":1}},"line":4}},"branchMap":{"0":{"loc":{"start":{"line":6,"column":4},"end":{"line":8,"column":5}},"type":"if","locations":[{"start":{"line":6,"column":4},"end":{"line":8,"column":5}},{"start":{},"end":{}}],"line":6},"1":{"loc":{"start":{"line":11,"column":4},"end":{"line":13,"column":5}},"type":"if","locations":[{"start":{"line":11,"column":4},"end":{"line":13,"column":5}},{"start":{},"end":{}}],"line":11},"2":{"loc":{"start":{"line":18,"column":4},"end":{"line":20,"column":5}},"type":"if","locations":[{"start":{"line":18,"column":4},"end":{"line":20,"column":5}},{"start":{},"end":{}}],"line":18}},"s":{"0":2,"1":2,"2":10,"3":10,"4":0,"5":10,"6":10,"7":0,"8":10,"9":10,"10":10,"11":0,"12":10,"13":10,"14":0,"15":0,"16":2},"f":{"0":10},"b":{"0":[0,10],"1":[0,10],"2":[0,10]},"_coverageSchema":"1a1c01bbd47fc00a2c39e90264f33305004495a9","hash":"25716d2064de87885128c0e8370912397b3c1ff5"}
,"D:\\Work\\Programming\\Web Developer\\Hacktiv8\\Phase 2\\Individual Project\\IP-HCK81\\Server\\middleware\\errorHandler.js": {"path":"D:\\Work\\Programming\\Web Developer\\Hacktiv8\\Phase 2\\Individual Project\\IP-HCK81\\Server\\middleware\\errorHandler.js","statementMap":{"0":{"start":{"line":1,"column":30},"end":{"line":1,"column":53}},"1":{"start":{"line":4,"column":2},"end":{"line":4,"column":41}},"2":{"start":{"line":6,"column":2},"end":{"line":9,"column":3}},"3":{"start":{"line":7,"column":4},"end":{"line":7,"column":51}},"4":{"start":{"line":8,"column":4},"end":{"line":8,"column":11}},"5":{"start":{"line":11,"column":2},"end":{"line":14,"column":3}},"6":{"start":{"line":12,"column":4},"end":{"line":12,"column":55}},"7":{"start":{"line":13,"column":4},"end":{"line":13,"column":11}},"8":{"start":{"line":16,"column":2},"end":{"line":19,"column":3}},"9":{"start":{"line":17,"column":4},"end":{"line":17,"column":51}},"10":{"start":{"line":18,"column":4},"end":{"line":18,"column":11}},"11":{"start":{"line":21,"column":2},"end":{"line":24,"column":3}},"12":{"start":{"line":22,"column":4},"end":{"line":22,"column":51}},"13":{"start":{"line":23,"column":4},"end":{"line":23,"column":11}},"14":{"start":{"line":26,"column":2},"end":{"line":32,"column":3}},"15":{"start":{"line":30,"column":4},"end":{"line":30,"column":61}},"16":{"start":{"line":31,"column":4},"end":{"line":31,"column":11}},"17":{"start":{"line":34,"column":2},"end":{"line":37,"column":3}},"18":{"start":{"line":35,"column":4},"end":{"line":35,"column":51}},"19":{"start":{"line":36,"column":4},"end":{"line":36,"column":11}},"20":{"start":{"line":39,"column":2},"end":{"line":39,"column":80}},"21":{"start":{"line":40,"column":2},"end":{"line":40,"column":9}},"22":{"start":{"line":43,"column":0},"end":{"line":43,"column":30}}},"fnMap":{"0":{"name":"errorHandler","decl":{"start":{"line":3,"column":9},"end":{"line":3,"column":21}},"loc":{"start":{"line":3,"column":43},"end":{"line":41,"column":1}},"line":3}},"branchMap":{"0":{"loc":{"start":{"line":6,"column":2},"end":{"line":9,"column":3}},"type":"if","locations":[{"start":{"line":6,"column":2},"end":{"line":9,"column":3}},{"start":{},"end":{}}],"line":6},"1":{"loc":{"start":{"line":11,"column":2},"end":{"line":14,"column":3}},"type":"if","locations":[{"start":{"line":11,"column":2},"end":{"line":14,"column":3}},{"start":{},"end":{}}],"line":11},"2":{"loc":{"start":{"line":11,"column":6},"end":{"line":11,"column":69}},"type":"binary-expr","locations":[{"start":{"line":11,"column":6},"end":{"line":11,"column":33}},{"start":{"line":11,"column":37},"end":{"line":11,"column":69}}],"line":11},"3":{"loc":{"start":{"line":16,"column":2},"end":{"line":19,"column":3}},"type":"if","locations":[{"start":{"line":16,"column":2},"end":{"line":19,"column":3}},{"start":{},"end":{}}],"line":16},"4":{"loc":{"start":{"line":21,"column":2},"end":{"line":24,"column":3}},"type":"if","locations":[{"start":{"line":21,"column":2},"end":{"line":24,"column":3}},{"start":{},"end":{}}],"line":21},"5":{"loc":{"start":{"line":26,"column":2},"end":{"line":32,"column":3}},"type":"if","locations":[{"start":{"line":26,"column":2},"end":{"line":32,"column":3}},{"start":{},"end":{}}],"line":26},"6":{"loc":{"start":{"line":27,"column":4},"end":{"line":28,"column":49}},"type":"binary-expr","locations":[{"start":{"line":27,"column":4},"end":{"line":27,"column":43}},{"start":{"line":28,"column":4},"end":{"line":28,"column":49}}],"line":27},"7":{"loc":{"start":{"line":34,"column":2},"end":{"line":37,"column":3}},"type":"if","locations":[{"start":{"line":34,"column":2},"end":{"line":37,"column":3}},{"start":{},"end":{}}],"line":34}},"s":{"0":2,"1":0,"2":0,"3":0,"4":0,"5":0,"6":0,"7":0,"8":0,"9":0,"10":0,"11":0,"12":0,"13":0,"14":0,"15":0,"16":0,"17":0,"18":0,"19":0,"20":0,"21":0,"22":2},"f":{"0":0},"b":{"0":[0,0],"1":[0,0],"2":[0,0],"3":[0,0],"4":[0,0],"5":[0,0],"6":[0,0],"7":[0,0]},"_coverageSchema":"1a1c01bbd47fc00a2c39e90264f33305004495a9","hash":"31b554a26d8320969e210cb1d8a0fc278e0a17a9"}
,"D:\\Work\\Programming\\Web Developer\\Hacktiv8\\Phase 2\\Individual Project\\IP-HCK81\\Server\\models\\favorite.js": {"path":"D:\\Work\\Programming\\Web Developer\\Hacktiv8\\Phase 2\\Individual Project\\IP-HCK81\\Server\\models\\favorite.js","statementMap":{"0":{"start":{"line":2,"column":18},"end":{"line":2,"column":38}},"1":{"start":{"line":3,"column":0},"end":{"line":87,"column":2}},"2":{"start":{"line":12,"column":6},"end":{"line":12,"column":64}},"3":{"start":{"line":15,"column":2},"end":{"line":85,"column":4}},"4":{"start":{"line":86,"column":2},"end":{"line":86,"column":18}}},"fnMap":{"0":{"name":"(anonymous_0)","decl":{"start":{"line":3,"column":17},"end":{"line":3,"column":18}},"loc":{"start":{"line":3,"column":43},"end":{"line":87,"column":1}},"line":3},"1":{"name":"(anonymous_1)","decl":{"start":{"line":10,"column":4},"end":{"line":10,"column":5}},"loc":{"start":{"line":10,"column":29},"end":{"line":13,"column":5}},"line":10}},"branchMap":{},"s":{"0":2,"1":2,"2":2,"3":2,"4":2},"f":{"0":2,"1":2},"b":{},"_coverageSchema":"1a1c01bbd47fc00a2c39e90264f33305004495a9","hash":"341161842f48e5b40866981b0104d88aa21ae964"}
,"D:\\Work\\Programming\\Web Developer\\Hacktiv8\\Phase 2\\Individual Project\\IP-HCK81\\Server\\models\\index.js": {"path":"D:\\Work\\Programming\\Web Developer\\Hacktiv8\\Phase 2\\Individual Project\\IP-HCK81\\Server\\models\\index.js","statementMap":{"0":{"start":{"line":3,"column":11},"end":{"line":3,"column":24}},"1":{"start":{"line":4,"column":13},"end":{"line":4,"column":28}},"2":{"start":{"line":5,"column":18},"end":{"line":5,"column":38}},"3":{"start":{"line":6,"column":16},"end":{"line":6,"column":34}},"4":{"start":{"line":7,"column":17},"end":{"line":7,"column":42}},"5":{"start":{"line":8,"column":12},"end":{"line":8,"column":49}},"6":{"start":{"line":9,"column":15},"end":{"line":9,"column":65}},"7":{"start":{"line":10,"column":11},"end":{"line":10,"column":13}},"8":{"start":{"line":13,"column":0},"end":{"line":17,"column":1}},"9":{"start":{"line":14,"column":2},"end":{"line":14,"column":74}},"10":{"start":{"line":16,"column":2},"end":{"line":16,"column":87}},"11":{"start":{"line":19,"column":0},"end":{"line":32,"column":5}},"12":{"start":{"line":22,"column":4},"end":{"line":27,"column":6}},"13":{"start":{"line":30,"column":18},"end":{"line":30,"column":85}},"14":{"start":{"line":31,"column":4},"end":{"line":31,"column":27}},"15":{"start":{"line":34,"column":0},"end":{"line":38,"column":3}},"16":{"start":{"line":35,"column":2},"end":{"line":37,"column":3}},"17":{"start":{"line":36,"column":4},"end":{"line":36,"column":32}},"18":{"start":{"line":40,"column":0},"end":{"line":40,"column":25}},"19":{"start":{"line":41,"column":0},"end":{"line":41,"column":25}},"20":{"start":{"line":43,"column":0},"end":{"line":43,"column":20}}},"fnMap":{"0":{"name":"(anonymous_0)","decl":{"start":{"line":21,"column":10},"end":{"line":21,"column":11}},"loc":{"start":{"line":21,"column":18},"end":{"line":28,"column":3}},"line":21},"1":{"name":"(anonymous_1)","decl":{"start":{"line":29,"column":11},"end":{"line":29,"column":12}},"loc":{"start":{"line":29,"column":19},"end":{"line":32,"column":3}},"line":29},"2":{"name":"(anonymous_2)","decl":{"start":{"line":34,"column":24},"end":{"line":34,"column":25}},"loc":{"start":{"line":34,"column":37},"end":{"line":38,"column":1}},"line":34}},"branchMap":{"0":{"loc":{"start":{"line":8,"column":12},"end":{"line":8,"column":49}},"type":"binary-expr","locations":[{"start":{"line":8,"column":12},"end":{"line":8,"column":32}},{"start":{"line":8,"column":36},"end":{"line":8,"column":49}}],"line":8},"1":{"loc":{"start":{"line":13,"column":0},"end":{"line":17,"column":1}},"type":"if","locations":[{"start":{"line":13,"column":0},"end":{"line":17,"column":1}},{"start":{"line":15,"column":7},"end":{"line":17,"column":1}}],"line":13},"2":{"loc":{"start":{"line":23,"column":6},"end":{"line":26,"column":37}},"type":"binary-expr","locations":[{"start":{"line":23,"column":6},"end":{"line":23,"column":29}},{"start":{"line":24,"column":6},"end":{"line":24,"column":23}},{"start":{"line":25,"column":6},"end":{"line":25,"column":30}},{"start":{"line":26,"column":6},"end":{"line":26,"column":37}}],"line":23},"3":{"loc":{"start":{"line":35,"column":2},"end":{"line":37,"column":3}},"type":"if","locations":[{"start":{"line":35,"column":2},"end":{"line":37,"column":3}},{"start":{},"end":{}}],"line":35}},"s":{"0":2,"1":2,"2":2,"3":2,"4":2,"5":2,"6":2,"7":2,"8":2,"9":0,"10":2,"11":2,"12":6,"13":4,"14":4,"15":2,"16":4,"17":4,"18":2,"19":2,"20":2},"f":{"0":6,"1":4,"2":4},"b":{"0":[2,0],"1":[0,2],"2":[6,6,4,4],"3":[4,0]},"_coverageSchema":"1a1c01bbd47fc00a2c39e90264f33305004495a9","hash":"3970420c7087e5d955fff4d175f144927184b17c"}
,"D:\\Work\\Programming\\Web Developer\\Hacktiv8\\Phase 2\\Individual Project\\IP-HCK81\\Server\\models\\user.js": {"path":"D:\\Work\\Programming\\Web Developer\\Hacktiv8\\Phase 2\\Individual Project\\IP-HCK81\\Server\\models\\user.js","statementMap":{"0":{"start":{"line":2,"column":18},"end":{"line":2,"column":38}},"1":{"start":{"line":3,"column":25},"end":{"line":3,"column":52}},"2":{"start":{"line":5,"column":0},"end":{"line":64,"column":2}},"3":{"start":{"line":14,"column":6},"end":{"line":14,"column":62}},"4":{"start":{"line":17,"column":2},"end":{"line":62,"column":4}},"5":{"start":{"line":38,"column":12},"end":{"line":40,"column":13}},"6":{"start":{"line":39,"column":14},"end":{"line":39,"column":78}},"7":{"start":{"line":58,"column":10},"end":{"line":58,"column":54}},"8":{"start":{"line":63,"column":2},"end":{"line":63,"column":14}}},"fnMap":{"0":{"name":"(anonymous_0)","decl":{"start":{"line":5,"column":17},"end":{"line":5,"column":18}},"loc":{"start":{"line":5,"column":43},"end":{"line":64,"column":1}},"line":5},"1":{"name":"(anonymous_1)","decl":{"start":{"line":12,"column":4},"end":{"line":12,"column":5}},"loc":{"start":{"line":12,"column":29},"end":{"line":15,"column":5}},"line":12},"2":{"name":"(anonymous_2)","decl":{"start":{"line":37,"column":10},"end":{"line":37,"column":11}},"loc":{"start":{"line":37,"column":26},"end":{"line":41,"column":11}},"line":37},"3":{"name":"(anonymous_3)","decl":{"start":{"line":57,"column":22},"end":{"line":57,"column":23}},"loc":{"start":{"line":57,"column":32},"end":{"line":59,"column":9}},"line":57}},"branchMap":{"0":{"loc":{"start":{"line":38,"column":12},"end":{"line":40,"column":13}},"type":"if","locations":[{"start":{"line":38,"column":12},"end":{"line":40,"column":13}},{"start":{},"end":{}}],"line":38},"1":{"loc":{"start":{"line":38,"column":16},"end":{"line":38,"column":47}},"type":"binary-expr","locations":[{"start":{"line":38,"column":16},"end":{"line":38,"column":37}},{"start":{"line":38,"column":41},"end":{"line":38,"column":47}}],"line":38}},"s":{"0":2,"1":2,"2":2,"3":2,"4":2,"5":1,"6":0,"7":1,"8":2},"f":{"0":2,"1":2,"2":1,"3":1},"b":{"0":[0,1],"1":[1,1]},"_coverageSchema":"1a1c01bbd47fc00a2c39e90264f33305004495a9","hash":"cb7339b8cc5db9cf0497b4b0f2d8ae5acd6aca0b"}
,"D:\\Work\\Programming\\Web Developer\\Hacktiv8\\Phase 2\\Individual Project\\IP-HCK81\\Server\\routes\\favorite.js": {"path":"D:\\Work\\Programming\\Web Developer\\Hacktiv8\\Phase 2\\Individual Project\\IP-HCK81\\Server\\routes\\favorite.js","statementMap":{"0":{"start":{"line":1,"column":16},"end":{"line":1,"column":34}},"1":{"start":{"line":2,"column":22},"end":{"line":2,"column":61}},"2":{"start":{"line":3,"column":23},"end":{"line":3,"column":62}},"3":{"start":{"line":5,"column":15},"end":{"line":5,"column":31}},"4":{"start":{"line":6,"column":0},"end":{"line":6,"column":27}},"5":{"start":{"line":8,"column":0},"end":{"line":8,"column":47}},"6":{"start":{"line":9,"column":0},"end":{"line":9,"column":48}},"7":{"start":{"line":10,"column":0},"end":{"line":10,"column":38}},"8":{"start":{"line":11,"column":0},"end":{"line":11,"column":62}},"9":{"start":{"line":12,"column":0},"end":{"line":12,"column":61}},"10":{"start":{"line":15,"column":0},"end":{"line":15,"column":24}}},"fnMap":{},"branchMap":{},"s":{"0":2,"1":2,"2":2,"3":2,"4":2,"5":2,"6":2,"7":2,"8":2,"9":2,"10":2},"f":{},"b":{},"_coverageSchema":"1a1c01bbd47fc00a2c39e90264f33305004495a9","hash":"fe30ed4ce2ea8bcd06d295981e85ba2e1b1ca888"}
,"D:\\Work\\Programming\\Web Developer\\Hacktiv8\\Phase 2\\Individual Project\\IP-HCK81\\Server\\routes\\index.js": {"path":"D:\\Work\\Programming\\Web Developer\\Hacktiv8\\Phase 2\\Individual Project\\IP-HCK81\\Server\\routes\\index.js","statementMap":{"0":{"start":{"line":1,"column":0},"end":{"line":1,"column":27}},"1":{"start":{"line":2,"column":15},"end":{"line":2,"column":42}},"2":{"start":{"line":3,"column":22},"end":{"line":3,"column":61}},"3":{"start":{"line":4,"column":24},"end":{"line":4,"column":48}},"4":{"start":{"line":6,"column":18},"end":{"line":6,"column":39}},"5":{"start":{"line":7,"column":19},"end":{"line":7,"column":36}},"6":{"start":{"line":9,"column":0},"end":{"line":9,"column":30}},"7":{"start":{"line":10,"column":0},"end":{"line":10,"column":33}},"8":{"start":{"line":12,"column":0},"end":{"line":12,"column":24}}},"fnMap":{},"branchMap":{},"s":{"0":2,"1":2,"2":2,"3":2,"4":2,"5":2,"6":2,"7":2,"8":2},"f":{},"b":{},"_coverageSchema":"1a1c01bbd47fc00a2c39e90264f33305004495a9","hash":"2ff294f1e856f4ed7433441d2f4ecc5c0e44cb1d"}
,"D:\\Work\\Programming\\Web Developer\\Hacktiv8\\Phase 2\\Individual Project\\IP-HCK81\\Server\\routes\\user.js": {"path":"D:\\Work\\Programming\\Web Developer\\Hacktiv8\\Phase 2\\Individual Project\\IP-HCK81\\Server\\routes\\user.js","statementMap":{"0":{"start":{"line":1,"column":16},"end":{"line":1,"column":34}},"1":{"start":{"line":2,"column":23},"end":{"line":2,"column":62}},"2":{"start":{"line":3,"column":23},"end":{"line":3,"column":63}},"3":{"start":{"line":4,"column":15},"end":{"line":4,"column":31}},"4":{"start":{"line":6,"column":0},"end":{"line":6,"column":56}},"5":{"start":{"line":7,"column":0},"end":{"line":7,"column":50}},"6":{"start":{"line":8,"column":0},"end":{"line":8,"column":44}},"7":{"start":{"line":10,"column":0},"end":{"line":10,"column":24}}},"fnMap":{},"branchMap":{},"s":{"0":2,"1":2,"2":2,"3":2,"4":2,"5":2,"6":2,"7":2},"f":{},"b":{},"_coverageSchema":"1a1c01bbd47fc00a2c39e90264f33305004495a9","hash":"7a4b4454ab4d6d23ba29c808cb96e4c0a9e3d5b7"}
}
