TN:
SF:app.js
FNF:0
FNH:0
DA:1,2
DA:2,2
DA:5,2
DA:6,2
DA:7,2
DA:8,2
DA:9,2
DA:10,2
DA:11,2
DA:12,2
DA:13,2
DA:14,2
DA:15,2
DA:17,2
LF:14
LH:14
BRDA:1,0,0,2
BRDA:1,0,1,0
BRDA:7,1,0,2
BRDA:7,1,1,2
BRF:4
BRH:3
end_of_record
TN:
SF:controllers\favController.js
FN:9,(anonymous_0)
FN:20,(anonymous_1)
FN:24,(anonymous_2)
FN:31,(anonymous_3)
FN:57,(anonymous_4)
FN:72,(anonymous_5)
FN:105,(anonymous_6)
FN:111,(anonymous_7)
FN:135,(anonymous_8)
FN:159,(anonymous_9)
FNF:10
FNH:7
FNDA:1,(anonymous_0)
FNDA:0,(anonymous_1)
FNDA:0,(anonymous_2)
FNDA:0,(anonymous_3)
FNDA:3,(anonymous_4)
FNDA:1,(anonymous_5)
FNDA:2,(anonymous_6)
FNDA:1,(anonymous_7)
FNDA:2,(anonymous_8)
FNDA:2,(anonymous_9)
DA:1,2
DA:2,2
DA:3,2
DA:4,2
DA:5,2
DA:6,2
DA:8,2
DA:10,1
DA:11,1
DA:13,1
DA:16,1
DA:18,1
DA:19,0
DA:20,0
DA:23,1
DA:24,0
DA:25,0
DA:29,1
DA:30,0
DA:31,0
DA:32,0
DA:33,0
DA:34,0
DA:38,1
DA:39,1
DA:40,1
DA:41,1
DA:42,1
DA:44,1
DA:52,0
DA:53,0
DA:58,3
DA:59,3
DA:60,3
DA:61,3
DA:63,3
DA:64,0
DA:69,3
DA:72,3
DA:74,3
DA:75,2
DA:78,1
DA:82,1
DA:83,0
DA:88,1
DA:96,1
DA:101,0
DA:106,2
DA:107,2
DA:108,2
DA:111,2
DA:113,2
DA:114,1
DA:117,1
DA:131,0
DA:136,2
DA:137,2
DA:138,2
DA:140,2
DA:144,2
DA:145,1
DA:149,1
DA:151,1
DA:155,0
DA:160,2
DA:161,2
DA:162,2
DA:164,2
DA:165,1
DA:168,1
DA:169,1
DA:174,1
DA:176,1
DA:177,0
DA:180,1
DA:182,1
DA:183,0
DA:186,1
DA:187,1
DA:188,0
DA:191,1
DA:192,1
DA:194,1
DA:196,1
DA:202,0
DA:203,0
LF:86
LH:65
BRDA:18,0,0,0
BRDA:18,0,1,1
BRDA:23,1,0,0
BRDA:23,1,1,1
BRDA:29,2,0,0
BRDA:29,2,1,1
BRDA:30,3,0,0
BRDA:30,3,1,0
BRDA:30,4,0,0
BRDA:30,4,1,0
BRDA:32,5,0,0
BRDA:32,5,1,0
BRDA:33,6,0,0
BRDA:33,6,1,0
BRDA:38,7,0,1
BRDA:38,7,1,1
BRDA:39,8,0,1
BRDA:39,8,1,1
BRDA:63,9,0,0
BRDA:63,9,1,3
BRDA:63,10,0,3
BRDA:63,10,1,3
BRDA:74,11,0,2
BRDA:74,11,1,1
BRDA:82,12,0,0
BRDA:82,12,1,1
BRDA:91,13,0,1
BRDA:91,13,1,0
BRDA:92,14,0,1
BRDA:92,14,1,0
BRDA:113,15,0,1
BRDA:113,15,1,1
BRDA:122,16,0,1
BRDA:122,16,1,0
BRDA:125,17,0,1
BRDA:125,17,1,1
BRDA:126,18,0,1
BRDA:126,18,1,1
BRDA:127,19,0,1
BRDA:127,19,1,0
BRDA:144,20,0,1
BRDA:144,20,1,1
BRDA:164,21,0,1
BRDA:164,21,1,1
BRDA:164,22,0,2
BRDA:164,22,1,1
BRDA:176,23,0,0
BRDA:176,23,1,1
BRDA:182,24,0,0
BRDA:182,24,1,1
BRDA:182,25,0,1
BRDA:182,25,1,1
BRDA:187,26,0,0
BRDA:187,26,1,1
BRDA:202,27,0,0
BRDA:202,27,1,0
BRF:56
BRH:34
end_of_record
TN:
SF:controllers\userController.js
FN:10,(anonymous_0)
FN:35,(anonymous_1)
FN:57,(anonymous_2)
FNF:3
FNH:2
FNDA:2,(anonymous_0)
FNDA:3,(anonymous_1)
FNDA:0,(anonymous_2)
DA:1,2
DA:2,2
DA:3,2
DA:4,2
DA:5,2
DA:7,2
DA:9,2
DA:11,2
DA:12,2
DA:14,2
DA:15,1
DA:18,1
DA:24,1
DA:30,0
DA:31,0
DA:36,3
DA:37,3
DA:39,3
DA:40,3
DA:41,0
DA:43,3
DA:45,3
DA:46,2
DA:49,1
DA:50,1
DA:52,0
DA:53,0
DA:58,0
DA:59,0
DA:61,0
DA:65,0
DA:67,0
DA:79,0
DA:81,0
DA:92,0
DA:93,0
LF:36
LH:22
BRDA:14,0,0,1
BRDA:14,0,1,1
BRDA:14,1,0,2
BRDA:14,1,1,1
BRDA:14,1,2,1
BRDA:39,2,0,0
BRDA:39,2,1,3
BRDA:40,3,0,0
BRDA:40,3,1,3
BRDA:45,4,0,2
BRDA:45,4,1,1
BRDA:45,5,0,3
BRDA:45,5,1,2
BRDA:81,6,0,0
BRDA:81,6,1,0
BRDA:82,7,0,0
BRDA:82,7,1,0
BRF:17
BRH:11
end_of_record
TN:
SF:helper\bcrypt.js
FN:3,(anonymous_0)
FN:8,(anonymous_1)
FNF:2
FNH:1
FNDA:1,(anonymous_0)
FNDA:0,(anonymous_1)
DA:1,2
DA:3,2
DA:4,1
DA:5,1
DA:8,2
DA:9,0
DA:12,2
LF:7
LH:6
BRF:0
BRH:0
end_of_record
TN:
SF:helper\emailService.js
FN:12,(anonymous_0)
FNF:1
FNH:0
FNDA:0,(anonymous_0)
DA:1,2
DA:2,2
DA:4,2
DA:12,2
DA:13,0
DA:14,0
DA:33,0
DA:35,0
DA:39,2
LF:9
LH:5
BRF:0
BRH:0
end_of_record
TN:
SF:helper\groqHelper.js
FN:6,getGroqChatCompletion
FNF:1
FNH:0
FNDA:0,getGroqChatCompletion
DA:1,2
DA:2,2
DA:4,2
DA:7,0
DA:46,2
LF:5
LH:4
BRF:0
BRH:0
end_of_record
TN:
SF:helper\jwt.js
FN:4,(anonymous_0)
FN:8,(anonymous_1)
FNF:2
FNH:2
FNDA:1,(anonymous_0)
FNDA:10,(anonymous_1)
DA:1,2
DA:2,2
DA:4,2
DA:5,1
DA:8,2
DA:9,10
DA:12,2
LF:7
LH:7
BRF:0
BRH:0
end_of_record
TN:
SF:middleware\authentication.js
FN:4,authentication
FNF:1
FNH:1
FNDA:10,authentication
DA:1,2
DA:2,2
DA:5,10
DA:6,10
DA:7,0
DA:10,10
DA:11,10
DA:12,0
DA:15,10
DA:16,10
DA:18,10
DA:19,0
DA:22,10
DA:23,10
DA:25,0
DA:26,0
DA:30,2
LF:17
LH:12
BRDA:6,0,0,0
BRDA:6,0,1,10
BRDA:11,1,0,0
BRDA:11,1,1,10
BRDA:18,2,0,0
BRDA:18,2,1,10
BRF:6
BRH:3
end_of_record
TN:
SF:middleware\errorHandler.js
FN:3,errorHandler
FNF:1
FNH:0
FNDA:0,errorHandler
DA:1,2
DA:4,0
DA:6,0
DA:7,0
DA:8,0
DA:11,0
DA:12,0
DA:13,0
DA:16,0
DA:17,0
DA:18,0
DA:21,0
DA:22,0
DA:23,0
DA:26,0
DA:30,0
DA:31,0
DA:34,0
DA:35,0
DA:36,0
DA:39,0
DA:40,0
DA:43,2
LF:23
LH:2
BRDA:6,0,0,0
BRDA:6,0,1,0
BRDA:11,1,0,0
BRDA:11,1,1,0
BRDA:11,2,0,0
BRDA:11,2,1,0
BRDA:16,3,0,0
BRDA:16,3,1,0
BRDA:21,4,0,0
BRDA:21,4,1,0
BRDA:26,5,0,0
BRDA:26,5,1,0
BRDA:27,6,0,0
BRDA:27,6,1,0
BRDA:34,7,0,0
BRDA:34,7,1,0
BRF:16
BRH:0
end_of_record
TN:
SF:models\favorite.js
FN:3,(anonymous_0)
FN:10,(anonymous_1)
FNF:2
FNH:2
FNDA:2,(anonymous_0)
FNDA:2,(anonymous_1)
DA:2,2
DA:3,2
DA:12,2
DA:15,2
DA:86,2
LF:5
LH:5
BRF:0
BRH:0
end_of_record
TN:
SF:models\index.js
FN:21,(anonymous_0)
FN:29,(anonymous_1)
FN:34,(anonymous_2)
FNF:3
FNH:3
FNDA:6,(anonymous_0)
FNDA:4,(anonymous_1)
FNDA:4,(anonymous_2)
DA:3,2
DA:4,2
DA:5,2
DA:6,2
DA:7,2
DA:8,2
DA:9,2
DA:10,2
DA:13,2
DA:14,0
DA:16,2
DA:19,2
DA:22,6
DA:30,4
DA:31,4
DA:34,2
DA:35,4
DA:36,4
DA:40,2
DA:41,2
DA:43,2
LF:21
LH:20
BRDA:8,0,0,2
BRDA:8,0,1,0
BRDA:13,1,0,0
BRDA:13,1,1,2
BRDA:23,2,0,6
BRDA:23,2,1,6
BRDA:23,2,2,4
BRDA:23,2,3,4
BRDA:35,3,0,4
BRDA:35,3,1,0
BRF:10
BRH:7
end_of_record
TN:
SF:models\user.js
FN:5,(anonymous_0)
FN:12,(anonymous_1)
FN:37,(anonymous_2)
FN:57,(anonymous_3)
FNF:4
FNH:4
FNDA:2,(anonymous_0)
FNDA:2,(anonymous_1)
FNDA:1,(anonymous_2)
FNDA:1,(anonymous_3)
DA:2,2
DA:3,2
DA:5,2
DA:14,2
DA:17,2
DA:38,1
DA:39,0
DA:58,1
DA:63,2
LF:9
LH:8
BRDA:38,0,0,0
BRDA:38,0,1,1
BRDA:38,1,0,1
BRDA:38,1,1,1
BRF:4
BRH:3
end_of_record
TN:
SF:routes\favorite.js
FNF:0
FNH:0
DA:1,2
DA:2,2
DA:3,2
DA:5,2
DA:6,2
DA:8,2
DA:9,2
DA:10,2
DA:11,2
DA:12,2
DA:15,2
LF:11
LH:11
BRF:0
BRH:0
end_of_record
TN:
SF:routes\index.js
FNF:0
FNH:0
DA:1,2
DA:2,2
DA:3,2
DA:4,2
DA:6,2
DA:7,2
DA:9,2
DA:10,2
DA:12,2
LF:9
LH:9
BRF:0
BRH:0
end_of_record
TN:
SF:routes\user.js
FNF:0
FNH:0
DA:1,2
DA:2,2
DA:3,2
DA:4,2
DA:6,2
DA:7,2
DA:8,2
DA:10,2
LF:8
LH:8
BRF:0
BRH:0
end_of_record
